2025-05-15 09:51:53 INFO  Version:21 - HV000001: Hibernate Validator 8.0.2.Final
2025-05-15 09:51:53 INFO  RepositoryConfigurationDelegate:143 - Bootstrapping Spring Data JPA repositories in DEFAULT mode.
2025-05-15 09:51:53 INFO  RepositoryConfigurationDelegate:211 - Finished Spring Data repository scanning in 54 ms. Found 6 JPA repository interfaces.
2025-05-15 09:51:54 INFO  TomcatWebServer:111 - Tomcat initialized with port 8080 (http)
2025-05-15 09:51:54 INFO  Http11NioProtocol:168 - Initializing ProtocolHandler ["http-nio-8080"]
2025-05-15 09:51:54 INFO  StandardService:168 - Starting service [Tomcat]
2025-05-15 09:51:54 INFO  StandardEngine:168 - Starting Servlet engine: [Apache Tomcat/10.1.40]
2025-05-15 09:51:54 INFO  [/]:168 - Initializing Spring embedded WebApplicationContext
2025-05-15 09:51:54 INFO  ServletWebServerApplicationContext:301 - Root WebApplicationContext: initialization completed in 1110 ms
2025-05-15 09:51:54 INFO  LogHelper:31 - HHH000204: Processing PersistenceUnitInfo [name: default]
2025-05-15 09:51:54 INFO  Version:44 - HHH000412: Hibernate ORM core version 6.6.13.Final
2025-05-15 09:51:54 INFO  RegionFactoryInitiator:50 - HHH000026: Second-level cache disabled
2025-05-15 09:51:54 INFO  SpringPersistenceUnitInfo:87 - No LoadTimeWeaver setup: ignoring JPA class transformer
2025-05-15 09:51:54 INFO  HikariDataSource:109 - HikariPool-1 - Starting...
2025-05-15 09:51:55 INFO  HikariPool:554 - HikariPool-1 - Added connection com.mysql.cj.jdbc.ConnectionImpl@22cd8ec2
2025-05-15 09:51:55 INFO  HikariDataSource:122 - HikariPool-1 - Start completed.
2025-05-15 09:51:55 WARN  deprecation:153 - HHH90000025: MySQLDialect does not need to be specified explicitly using 'hibernate.dialect' (remove the property setting and it will be selected by default)
2025-05-15 09:51:55 INFO  pooling:157 - HHH10001005: Database info:
	Database JDBC URL [Connecting through datasource 'HikariDataSource (HikariPool-1)']
	Database driver: undefined/unknown
	Database version: 8.0.41
	Autocommit mode: undefined/unknown
	Isolation level: undefined/unknown
	Minimum pool size: undefined/unknown
	Maximum pool size: undefined/unknown
2025-05-15 09:51:56 INFO  JtaPlatformInitiator:59 - HHH000489: No JTA platform available (set 'hibernate.transaction.jta.platform' to enable JTA platform integration)
2025-05-15 09:51:56 INFO  LocalContainerEntityManagerFactoryBean:447 - Initialized JPA EntityManagerFactory for persistence unit 'default'
2025-05-15 09:51:56 INFO  QueryEnhancerFactory:49 - Hibernate is in classpath; If applicable, HQL parser will be used.
2025-05-15 09:51:57 WARN  JpaBaseConfiguration$JpaWebConfiguration:258 - spring.jpa.open-in-view is enabled by default. Therefore, database queries may be performed during view rendering. Explicitly configure spring.jpa.open-in-view to disable this warning
2025-05-15 09:51:57 INFO  Http11NioProtocol:168 - Starting ProtocolHandler ["http-nio-8080"]
2025-05-15 09:51:57 INFO  TomcatWebServer:243 - Tomcat started on port 8080 (http) with context path '/'
2025-05-15 09:52:07 INFO  [/]:168 - Initializing Spring DispatcherServlet 'dispatcherServlet'
2025-05-15 09:52:07 INFO  DispatcherServlet:532 - Initializing Servlet 'dispatcherServlet'
2025-05-15 09:52:07 INFO  DispatcherServlet:554 - Completed initialization in 2 ms
2025-05-15 09:59:03 INFO  GracefulShutdown:54 - Commencing graceful shutdown. Waiting for active requests to complete
2025-05-15 09:59:03 INFO  GracefulShutdown:76 - Graceful shutdown complete
2025-05-15 09:59:03 INFO  LocalContainerEntityManagerFactoryBean:660 - Closing JPA EntityManagerFactory for persistence unit 'default'
2025-05-15 09:59:03 INFO  HikariDataSource:349 - HikariPool-1 - Shutdown initiated...
2025-05-15 09:59:03 INFO  HikariDataSource:351 - HikariPool-1 - Shutdown completed.
