2025-05-14 12:25:49 INFO  Version:21 - HV000001: Hibernate Validator 8.0.2.Final
2025-05-14 12:25:50 INFO  RepositoryConfigurationDelegate:143 - Bootstrapping Spring Data JPA repositories in DEFAULT mode.
2025-05-14 12:25:50 INFO  RepositoryConfigurationDelegate:211 - Finished Spring Data repository scanning in 53 ms. Found 8 JPA repository interfaces.
2025-05-14 12:25:50 INFO  TomcatWebServer:111 - Tomcat initialized with port 8080 (http)
2025-05-14 12:25:50 INFO  Http11NioProtocol:168 - Initializing ProtocolHandler ["http-nio-8080"]
2025-05-14 12:25:50 INFO  StandardService:168 - Starting service [Tomcat]
2025-05-14 12:25:50 INFO  StandardEngine:168 - Starting Servlet engine: [Apache Tomcat/10.1.40]
2025-05-14 12:25:50 INFO  [/]:168 - Initializing Spring embedded WebApplicationContext
2025-05-14 12:25:50 INFO  ServletWebServerApplicationContext:301 - Root WebApplicationContext: initialization completed in 1111 ms
2025-05-14 12:25:50 INFO  LogHelper:31 - HHH000204: Processing PersistenceUnitInfo [name: default]
2025-05-14 12:25:50 INFO  Version:44 - HHH000412: Hibernate ORM core version 6.6.13.Final
2025-05-14 12:25:51 INFO  RegionFactoryInitiator:50 - HHH000026: Second-level cache disabled
2025-05-14 12:25:51 INFO  SpringPersistenceUnitInfo:87 - No LoadTimeWeaver setup: ignoring JPA class transformer
2025-05-14 12:25:51 INFO  HikariDataSource:109 - HikariPool-1 - Starting...
2025-05-14 12:25:51 INFO  HikariPool:554 - HikariPool-1 - Added connection com.mysql.cj.jdbc.ConnectionImpl@f1d1463
2025-05-14 12:25:51 INFO  HikariDataSource:122 - HikariPool-1 - Start completed.
2025-05-14 12:25:51 WARN  deprecation:153 - HHH90000025: MySQLDialect does not need to be specified explicitly using 'hibernate.dialect' (remove the property setting and it will be selected by default)
2025-05-14 12:25:51 INFO  pooling:157 - HHH10001005: Database info:
	Database JDBC URL [Connecting through datasource 'HikariDataSource (HikariPool-1)']
	Database driver: undefined/unknown
	Database version: 8.0.40
	Autocommit mode: undefined/unknown
	Isolation level: undefined/unknown
	Minimum pool size: undefined/unknown
	Maximum pool size: undefined/unknown
2025-05-14 12:25:52 INFO  JtaPlatformInitiator:59 - HHH000489: No JTA platform available (set 'hibernate.transaction.jta.platform' to enable JTA platform integration)
2025-05-14 12:25:52 INFO  LocalContainerEntityManagerFactoryBean:447 - Initialized JPA EntityManagerFactory for persistence unit 'default'
2025-05-14 12:25:52 INFO  QueryEnhancerFactory:49 - Hibernate is in classpath; If applicable, HQL parser will be used.
2025-05-14 12:25:52 WARN  JpaBaseConfiguration$JpaWebConfiguration:258 - spring.jpa.open-in-view is enabled by default. Therefore, database queries may be performed during view rendering. Explicitly configure spring.jpa.open-in-view to disable this warning
2025-05-14 12:25:53 INFO  Http11NioProtocol:168 - Starting ProtocolHandler ["http-nio-8080"]
2025-05-14 12:25:53 INFO  TomcatWebServer:243 - Tomcat started on port 8080 (http) with context path '/'
2025-05-14 12:27:04 INFO  Version:21 - HV000001: Hibernate Validator 8.0.2.Final
2025-05-14 12:27:04 INFO  RepositoryConfigurationDelegate:143 - Bootstrapping Spring Data JPA repositories in DEFAULT mode.
2025-05-14 12:27:04 INFO  RepositoryConfigurationDelegate:211 - Finished Spring Data repository scanning in 52 ms. Found 8 JPA repository interfaces.
2025-05-14 12:27:05 INFO  TomcatWebServer:111 - Tomcat initialized with port 8080 (http)
2025-05-14 12:27:05 INFO  Http11NioProtocol:168 - Initializing ProtocolHandler ["http-nio-8080"]
2025-05-14 12:27:05 INFO  StandardService:168 - Starting service [Tomcat]
2025-05-14 12:27:05 INFO  StandardEngine:168 - Starting Servlet engine: [Apache Tomcat/10.1.40]
2025-05-14 12:27:05 INFO  [/]:168 - Initializing Spring embedded WebApplicationContext
2025-05-14 12:27:05 INFO  ServletWebServerApplicationContext:301 - Root WebApplicationContext: initialization completed in 1083 ms
2025-05-14 12:27:05 INFO  LogHelper:31 - HHH000204: Processing PersistenceUnitInfo [name: default]
2025-05-14 12:27:05 INFO  Version:44 - HHH000412: Hibernate ORM core version 6.6.13.Final
2025-05-14 12:27:05 INFO  RegionFactoryInitiator:50 - HHH000026: Second-level cache disabled
2025-05-14 12:27:05 INFO  SpringPersistenceUnitInfo:87 - No LoadTimeWeaver setup: ignoring JPA class transformer
2025-05-14 12:27:05 INFO  HikariDataSource:109 - HikariPool-1 - Starting...
2025-05-14 12:27:06 INFO  HikariPool:554 - HikariPool-1 - Added connection com.mysql.cj.jdbc.ConnectionImpl@7d18338b
2025-05-14 12:27:06 INFO  HikariDataSource:122 - HikariPool-1 - Start completed.
2025-05-14 12:27:06 WARN  deprecation:153 - HHH90000025: MySQLDialect does not need to be specified explicitly using 'hibernate.dialect' (remove the property setting and it will be selected by default)
2025-05-14 12:27:06 INFO  pooling:157 - HHH10001005: Database info:
	Database JDBC URL [Connecting through datasource 'HikariDataSource (HikariPool-1)']
	Database driver: undefined/unknown
	Database version: 8.0.40
	Autocommit mode: undefined/unknown
	Isolation level: undefined/unknown
	Minimum pool size: undefined/unknown
	Maximum pool size: undefined/unknown
2025-05-14 12:27:06 INFO  JtaPlatformInitiator:59 - HHH000489: No JTA platform available (set 'hibernate.transaction.jta.platform' to enable JTA platform integration)
2025-05-14 12:27:06 INFO  LocalContainerEntityManagerFactoryBean:447 - Initialized JPA EntityManagerFactory for persistence unit 'default'
2025-05-14 12:27:07 INFO  QueryEnhancerFactory:49 - Hibernate is in classpath; If applicable, HQL parser will be used.
2025-05-14 12:27:07 WARN  JpaBaseConfiguration$JpaWebConfiguration:258 - spring.jpa.open-in-view is enabled by default. Therefore, database queries may be performed during view rendering. Explicitly configure spring.jpa.open-in-view to disable this warning
2025-05-14 12:27:07 INFO  Http11NioProtocol:168 - Starting ProtocolHandler ["http-nio-8080"]
2025-05-14 12:27:07 INFO  TomcatWebServer:243 - Tomcat started on port 8080 (http) with context path '/'
2025-05-14 12:27:51 INFO  [/]:168 - Initializing Spring DispatcherServlet 'dispatcherServlet'
2025-05-14 12:27:51 INFO  DispatcherServlet:532 - Initializing Servlet 'dispatcherServlet'
2025-05-14 12:27:51 INFO  DispatcherServlet:554 - Completed initialization in 1 ms
2025-05-14 13:59:14 WARN  HikariPool:797 - HikariPool-1 - Thread starvation or clock leap detected (housekeeper delta=57m8s325ms567µs).
